{"/Users/adam/dev/node/treebeard/src/errors.js": {"path":"/Users/adam/dev/node/treebeard/src/errors.js","statementMap":{"0":{"start":{"line":3,"column":4},"end":{"line":3,"column":19}},"1":{"start":{"line":9,"column":4},"end":{"line":9,"column":19}},"2":{"start":{"line":15,"column":4},"end":{"line":15,"column":19}},"3":{"start":{"line":19,"column":0},"end":{"line":23,"column":1}}},"fnMap":{"0":{"name":"(anonymous_0)","decl":{"start":{"line":2,"column":2},"end":{"line":2,"column":3}},"loc":{"start":{"line":2,"column":23},"end":{"line":4,"column":3}},"line":2},"1":{"name":"(anonymous_1)","decl":{"start":{"line":8,"column":2},"end":{"line":8,"column":3}},"loc":{"start":{"line":8,"column":23},"end":{"line":10,"column":3}},"line":8},"2":{"name":"(anonymous_2)","decl":{"start":{"line":14,"column":2},"end":{"line":14,"column":3}},"loc":{"start":{"line":14,"column":23},"end":{"line":16,"column":3}},"line":14}},"branchMap":{},"s":{"0":1,"1":1,"2":13,"3":1},"f":{"0":1,"1":1,"2":13},"b":{},"_coverageSchema":"1a1c01bbd47fc00a2c39e90264f33305004495a9","hash":"e298c856f98a8e65a57d46c46059f77f590e296a"}
,"/Users/adam/dev/node/treebeard/src/execute.js": {"path":"/Users/adam/dev/node/treebeard/src/execute.js","statementMap":{"0":{"start":{"line":1,"column":67},"end":{"line":1,"column":86}},"1":{"start":{"line":3,"column":22},"end":{"line":3,"column":36}},"2":{"start":{"line":5,"column":0},"end":{"line":39,"column":1}},"3":{"start":{"line":6,"column":2},"end":{"line":13,"column":3}},"4":{"start":{"line":8,"column":4},"end":{"line":12,"column":9}},"5":{"start":{"line":10,"column":8},"end":{"line":10,"column":46}},"6":{"start":{"line":11,"column":8},"end":{"line":11,"column":18}},"7":{"start":{"line":15,"column":25},"end":{"line":15,"column":32}},"8":{"start":{"line":16,"column":19},"end":{"line":16,"column":28}},"9":{"start":{"line":17,"column":13},"end":{"line":17,"column":18}},"10":{"start":{"line":19,"column":2},"end":{"line":33,"column":4}},"11":{"start":{"line":20,"column":4},"end":{"line":32,"column":6}},"12":{"start":{"line":21,"column":6},"end":{"line":21,"column":32}},"13":{"start":{"line":22,"column":6},"end":{"line":31,"column":7}},"14":{"start":{"line":23,"column":8},"end":{"line":23,"column":25}},"15":{"start":{"line":23,"column":18},"end":{"line":23,"column":25}},"16":{"start":{"line":24,"column":8},"end":{"line":24,"column":20}},"17":{"start":{"line":25,"column":8},"end":{"line":30,"column":29}},"18":{"start":{"line":27,"column":17},"end":{"line":27,"column":55}},"19":{"start":{"line":28,"column":17},"end":{"line":28,"column":30}},"20":{"start":{"line":36,"column":24},"end":{"line":36,"column":76}},"21":{"start":{"line":36,"column":51},"end":{"line":36,"column":75}},"22":{"start":{"line":37,"column":4},"end":{"line":37,"column":47}}},"fnMap":{"0":{"name":"execute","decl":{"start":{"line":5,"column":26},"end":{"line":5,"column":33}},"loc":{"start":{"line":5,"column":64},"end":{"line":39,"column":1}},"line":5},"1":{"name":"(anonymous_1)","decl":{"start":{"line":9,"column":12},"end":{"line":9,"column":13}},"loc":{"start":{"line":9,"column":18},"end":{"line":12,"column":7}},"line":9},"2":{"name":"(anonymous_2)","decl":{"start":{"line":19,"column":21},"end":{"line":19,"column":22}},"loc":{"start":{"line":19,"column":42},"end":{"line":33,"column":3}},"line":19},"3":{"name":"(anonymous_3)","decl":{"start":{"line":20,"column":35},"end":{"line":20,"column":36}},"loc":{"start":{"line":20,"column":52},"end":{"line":32,"column":5}},"line":20},"4":{"name":"(anonymous_4)","decl":{"start":{"line":26,"column":21},"end":{"line":26,"column":22}},"loc":{"start":{"line":26,"column":27},"end":{"line":29,"column":16}},"line":26},"5":{"name":"dependenciesFinished","decl":{"start":{"line":35,"column":11},"end":{"line":35,"column":31}},"loc":{"start":{"line":35,"column":33},"end":{"line":38,"column":3}},"line":35},"6":{"name":"(anonymous_6)","decl":{"start":{"line":36,"column":37},"end":{"line":36,"column":38}},"loc":{"start":{"line":36,"column":51},"end":{"line":36,"column":75}},"line":36}},"branchMap":{"0":{"loc":{"start":{"line":6,"column":2},"end":{"line":13,"column":3}},"type":"if","locations":[{"start":{"line":6,"column":2},"end":{"line":13,"column":3}},{"start":{"line":6,"column":2},"end":{"line":13,"column":3}}],"line":6},"1":{"loc":{"start":{"line":22,"column":6},"end":{"line":31,"column":7}},"type":"if","locations":[{"start":{"line":22,"column":6},"end":{"line":31,"column":7}},{"start":{"line":22,"column":6},"end":{"line":31,"column":7}}],"line":22},"2":{"loc":{"start":{"line":23,"column":8},"end":{"line":23,"column":25}},"type":"if","locations":[{"start":{"line":23,"column":8},"end":{"line":23,"column":25}},{"start":{"line":23,"column":8},"end":{"line":23,"column":25}}],"line":23}},"s":{"0":1,"1":1,"2":1,"3":8,"4":3,"5":3,"6":3,"7":5,"8":5,"9":5,"10":5,"11":5,"12":26,"13":26,"14":22,"15":17,"16":5,"17":5,"18":5,"19":5,"20":26,"21":44,"22":26},"f":{"0":8,"1":3,"2":5,"3":26,"4":5,"5":26,"6":44},"b":{"0":[3,5],"1":[22,4],"2":[17,5]},"_coverageSchema":"1a1c01bbd47fc00a2c39e90264f33305004495a9","hash":"a904351ea52781798081fa0fb026a999726cd1ca"}
,"/Users/adam/dev/node/treebeard/src/index.js": {"path":"/Users/adam/dev/node/treebeard/src/index.js","statementMap":{"0":{"start":{"line":1,"column":21},"end":{"line":1,"column":38}},"1":{"start":{"line":3,"column":16},"end":{"line":3,"column":36}},"2":{"start":{"line":4,"column":32},"end":{"line":4,"column":51}},"3":{"start":{"line":5,"column":67},"end":{"line":5,"column":91}},"4":{"start":{"line":7,"column":0},"end":{"line":24,"column":1}},"5":{"start":{"line":8,"column":2},"end":{"line":10,"column":3}},"6":{"start":{"line":9,"column":4},"end":{"line":9,"column":87}},"7":{"start":{"line":12,"column":18},"end":{"line":12,"column":38}},"8":{"start":{"line":14,"column":2},"end":{"line":20,"column":3}},"9":{"start":{"line":15,"column":4},"end":{"line":15,"column":38}},"10":{"start":{"line":16,"column":4},"end":{"line":16,"column":30}},"11":{"start":{"line":17,"column":4},"end":{"line":17,"column":28}},"12":{"start":{"line":19,"column":4},"end":{"line":19,"column":29}},"13":{"start":{"line":22,"column":23},"end":{"line":22,"column":41}},"14":{"start":{"line":23,"column":2},"end":{"line":23,"column":69}},"15":{"start":{"line":23,"column":40},"end":{"line":23,"column":66}}},"fnMap":{"0":{"name":"schedule","decl":{"start":{"line":7,"column":26},"end":{"line":7,"column":34}},"loc":{"start":{"line":7,"column":41},"end":{"line":24,"column":1}},"line":7},"1":{"name":"(anonymous_1)","decl":{"start":{"line":23,"column":33},"end":{"line":23,"column":34}},"loc":{"start":{"line":23,"column":40},"end":{"line":23,"column":66}},"line":23}},"branchMap":{"0":{"loc":{"start":{"line":8,"column":2},"end":{"line":10,"column":3}},"type":"if","locations":[{"start":{"line":8,"column":2},"end":{"line":10,"column":3}},{"start":{"line":8,"column":2},"end":{"line":10,"column":3}}],"line":8},"1":{"loc":{"start":{"line":8,"column":6},"end":{"line":8,"column":39}},"type":"binary-expr","locations":[{"start":{"line":8,"column":6},"end":{"line":8,"column":11}},{"start":{"line":8,"column":15},"end":{"line":8,"column":39}}],"line":8}},"s":{"0":1,"1":1,"2":1,"3":1,"4":1,"5":17,"6":5,"7":12,"8":12,"9":12,"10":4,"11":3,"12":10,"13":2,"14":2,"15":8},"f":{"0":17,"1":8},"b":{"0":[5,12],"1":[17,15]},"_coverageSchema":"1a1c01bbd47fc00a2c39e90264f33305004495a9","hash":"7982adb63679ed5be8ea0d4f9e29ea316fb691aa"}
,"/Users/adam/dev/node/treebeard/src/validations.js": {"path":"/Users/adam/dev/node/treebeard/src/validations.js","statementMap":{"0":{"start":{"line":1,"column":44},"end":{"line":1,"column":63}},"1":{"start":{"line":2,"column":26},"end":{"line":2,"column":60}},"2":{"start":{"line":4,"column":0},"end":{"line":8,"column":1}},"3":{"start":{"line":11,"column":19},"end":{"line":11,"column":75}},"4":{"start":{"line":11,"column":49},"end":{"line":11,"column":74}},"5":{"start":{"line":12,"column":2},"end":{"line":14,"column":3}},"6":{"start":{"line":13,"column":4},"end":{"line":13,"column":81}},"7":{"start":{"line":18,"column":2},"end":{"line":18,"column":46}},"8":{"start":{"line":18,"column":39},"end":{"line":18,"column":46}},"9":{"start":{"line":20,"column":25},"end":{"line":20,"column":34}},"10":{"start":{"line":21,"column":2},"end":{"line":21,"column":68}},"11":{"start":{"line":21,"column":12},"end":{"line":21,"column":68}},"12":{"start":{"line":22,"column":2},"end":{"line":22,"column":137}},"13":{"start":{"line":22,"column":14},"end":{"line":22,"column":137}}},"fnMap":{"0":{"name":"validateHasStart","decl":{"start":{"line":10,"column":9},"end":{"line":10,"column":25}},"loc":{"start":{"line":10,"column":36},"end":{"line":15,"column":1}},"line":10},"1":{"name":"(anonymous_1)","decl":{"start":{"line":11,"column":35},"end":{"line":11,"column":36}},"loc":{"start":{"line":11,"column":49},"end":{"line":11,"column":74}},"line":11},"2":{"name":"validateJobObject","decl":{"start":{"line":17,"column":9},"end":{"line":17,"column":26}},"loc":{"start":{"line":17,"column":45},"end":{"line":23,"column":1}},"line":17}},"branchMap":{"0":{"loc":{"start":{"line":12,"column":2},"end":{"line":14,"column":3}},"type":"if","locations":[{"start":{"line":12,"column":2},"end":{"line":14,"column":3}},{"start":{"line":12,"column":2},"end":{"line":14,"column":3}}],"line":12},"1":{"loc":{"start":{"line":18,"column":2},"end":{"line":18,"column":46}},"type":"if","locations":[{"start":{"line":18,"column":2},"end":{"line":18,"column":46}},{"start":{"line":18,"column":2},"end":{"line":18,"column":46}}],"line":18},"2":{"loc":{"start":{"line":21,"column":2},"end":{"line":21,"column":68}},"type":"if","locations":[{"start":{"line":21,"column":2},"end":{"line":21,"column":68}},{"start":{"line":21,"column":2},"end":{"line":21,"column":68}}],"line":21},"3":{"loc":{"start":{"line":22,"column":2},"end":{"line":22,"column":137}},"type":"if","locations":[{"start":{"line":22,"column":2},"end":{"line":22,"column":137}},{"start":{"line":22,"column":2},"end":{"line":22,"column":137}}],"line":22}},"s":{"0":1,"1":1,"2":1,"3":4,"4":15,"5":4,"6":1,"7":30,"8":11,"9":19,"10":19,"11":7,"12":12,"13":1},"f":{"0":4,"1":15,"2":30},"b":{"0":[1,3],"1":[11,19],"2":[7,12],"3":[1,11]},"_coverageSchema":"1a1c01bbd47fc00a2c39e90264f33305004495a9","hash":"96766ba969ad65b3d95669356a2471dbc13959b7"}
,"/Users/adam/dev/node/treebeard/src/validations/noCircles.js": {"path":"/Users/adam/dev/node/treebeard/src/validations/noCircles.js","statementMap":{"0":{"start":{"line":1,"column":34},"end":{"line":1,"column":54}},"1":{"start":{"line":3,"column":0},"end":{"line":9,"column":1}},"2":{"start":{"line":4,"column":18},"end":{"line":4,"column":38}},"3":{"start":{"line":5,"column":29},"end":{"line":5,"column":74}},"4":{"start":{"line":5,"column":59},"end":{"line":5,"column":72}},"5":{"start":{"line":6,"column":2},"end":{"line":8,"column":3}},"6":{"start":{"line":7,"column":4},"end":{"line":7,"column":95}},"7":{"start":{"line":12,"column":2},"end":{"line":12,"column":50}},"8":{"start":{"line":12,"column":39},"end":{"line":12,"column":50}},"9":{"start":{"line":13,"column":2},"end":{"line":16,"column":3}},"10":{"start":{"line":14,"column":4},"end":{"line":14,"column":18}},"11":{"start":{"line":15,"column":4},"end":{"line":15,"column":16}},"12":{"start":{"line":17,"column":2},"end":{"line":17,"column":16}},"13":{"start":{"line":18,"column":2},"end":{"line":18,"column":69}},"14":{"start":{"line":18,"column":36},"end":{"line":18,"column":68}},"15":{"start":{"line":22,"column":14},"end":{"line":22,"column":27}},"16":{"start":{"line":23,"column":2},"end":{"line":23,"column":53}},"17":{"start":{"line":27,"column":2},"end":{"line":27,"column":48}},"18":{"start":{"line":27,"column":35},"end":{"line":27,"column":48}},"19":{"start":{"line":28,"column":2},"end":{"line":28,"column":58}},"20":{"start":{"line":28,"column":39},"end":{"line":28,"column":55}},"21":{"start":{"line":32,"column":2},"end":{"line":36,"column":5}},"22":{"start":{"line":33,"column":4},"end":{"line":35,"column":22}}},"fnMap":{"0":{"name":"validateNoCircles","decl":{"start":{"line":3,"column":26},"end":{"line":3,"column":43}},"loc":{"start":{"line":3,"column":50},"end":{"line":9,"column":1}},"line":3},"1":{"name":"(anonymous_1)","decl":{"start":{"line":5,"column":54},"end":{"line":5,"column":55}},"loc":{"start":{"line":5,"column":59},"end":{"line":5,"column":72}},"line":5},"2":{"name":"find","decl":{"start":{"line":11,"column":9},"end":{"line":11,"column":13}},"loc":{"start":{"line":11,"column":48},"end":{"line":19,"column":1}},"line":11},"3":{"name":"(anonymous_3)","decl":{"start":{"line":18,"column":29},"end":{"line":18,"column":30}},"loc":{"start":{"line":18,"column":36},"end":{"line":18,"column":68}},"line":18},"4":{"name":"traverseFind","decl":{"start":{"line":21,"column":9},"end":{"line":21,"column":21}},"loc":{"start":{"line":21,"column":27},"end":{"line":24,"column":1}},"line":21},"5":{"name":"hasNestedArr","decl":{"start":{"line":26,"column":9},"end":{"line":26,"column":21}},"loc":{"start":{"line":26,"column":35},"end":{"line":29,"column":1}},"line":26},"6":{"name":"(anonymous_6)","decl":{"start":{"line":28,"column":34},"end":{"line":28,"column":35}},"loc":{"start":{"line":28,"column":39},"end":{"line":28,"column":55}},"line":28},"7":{"name":"traverse","decl":{"start":{"line":31,"column":9},"end":{"line":31,"column":17}},"loc":{"start":{"line":31,"column":31},"end":{"line":37,"column":1}},"line":31},"8":{"name":"(anonymous_8)","decl":{"start":{"line":32,"column":26},"end":{"line":32,"column":27}},"loc":{"start":{"line":32,"column":31},"end":{"line":36,"column":3}},"line":32}},"branchMap":{"0":{"loc":{"start":{"line":6,"column":2},"end":{"line":8,"column":3}},"type":"if","locations":[{"start":{"line":6,"column":2},"end":{"line":8,"column":3}},{"start":{"line":6,"column":2},"end":{"line":8,"column":3}}],"line":6},"1":{"loc":{"start":{"line":11,"column":37},"end":{"line":11,"column":46}},"type":"default-arg","locations":[{"start":{"line":11,"column":44},"end":{"line":11,"column":46}}],"line":11},"2":{"loc":{"start":{"line":12,"column":2},"end":{"line":12,"column":50}},"type":"if","locations":[{"start":{"line":12,"column":2},"end":{"line":12,"column":50}},{"start":{"line":12,"column":2},"end":{"line":12,"column":50}}],"line":12},"3":{"loc":{"start":{"line":13,"column":2},"end":{"line":16,"column":3}},"type":"if","locations":[{"start":{"line":13,"column":2},"end":{"line":16,"column":3}},{"start":{"line":13,"column":2},"end":{"line":16,"column":3}}],"line":13},"4":{"loc":{"start":{"line":23,"column":9},"end":{"line":23,"column":52}},"type":"cond-expr","locations":[{"start":{"line":23,"column":29},"end":{"line":23,"column":46}},{"start":{"line":23,"column":49},"end":{"line":23,"column":52}}],"line":23},"5":{"loc":{"start":{"line":27,"column":2},"end":{"line":27,"column":48}},"type":"if","locations":[{"start":{"line":27,"column":2},"end":{"line":27,"column":48}},{"start":{"line":27,"column":2},"end":{"line":27,"column":48}}],"line":27},"6":{"loc":{"start":{"line":33,"column":11},"end":{"line":35,"column":21}},"type":"cond-expr","locations":[{"start":{"line":34,"column":11},"end":{"line":34,"column":26}},{"start":{"line":35,"column":11},"end":{"line":35,"column":21}}],"line":33}},"s":{"0":1,"1":1,"2":3,"3":3,"4":12,"5":3,"6":1,"7":30,"8":12,"9":18,"10":3,"11":3,"12":15,"13":15,"14":18,"15":31,"16":31,"17":31,"18":16,"19":15,"20":39,"21":31,"22":41},"f":{"0":3,"1":12,"2":30,"3":18,"4":31,"5":31,"6":39,"7":31,"8":41},"b":{"0":[1,2],"1":[12],"2":[12,18],"3":[3,15],"4":[7,24],"5":[16,15],"6":[21,20]},"_coverageSchema":"1a1c01bbd47fc00a2c39e90264f33305004495a9","hash":"2d482ca88cc821315ca44267a8f838b2895333e6"}
}
