TN:
SF:src/errors.js
FN:2,(anonymous_0)
FN:8,(anonymous_1)
FN:14,(anonymous_2)
FNF:3
FNH:3
FNDA:1,(anonymous_0)
FNDA:1,(anonymous_1)
FNDA:13,(anonymous_2)
DA:3,1
DA:9,1
DA:15,13
DA:19,1
LF:4
LH:4
BRF:0
BRH:0
end_of_record
TN:
SF:src/execute.js
FN:5,execute
FN:9,(anonymous_1)
FN:19,(anonymous_2)
FN:20,(anonymous_3)
FN:26,(anonymous_4)
FN:35,dependenciesFinished
FN:36,(anonymous_6)
FNF:7
FNH:7
FNDA:8,execute
FNDA:3,(anonymous_1)
FNDA:5,(anonymous_2)
FNDA:26,(anonymous_3)
FNDA:5,(anonymous_4)
FNDA:26,dependenciesFinished
FNDA:44,(anonymous_6)
DA:1,1
DA:3,1
DA:5,1
DA:6,8
DA:8,3
DA:10,3
DA:11,3
DA:15,5
DA:16,5
DA:17,5
DA:19,5
DA:20,5
DA:21,26
DA:22,26
DA:23,22
DA:24,5
DA:25,5
DA:27,5
DA:28,5
DA:36,44
DA:37,26
LF:21
LH:21
BRDA:6,0,0,3
BRDA:6,0,1,5
BRDA:22,1,0,22
BRDA:22,1,1,4
BRDA:23,2,0,17
BRDA:23,2,1,5
BRF:6
BRH:6
end_of_record
TN:
SF:src/index.js
FN:7,schedule
FN:23,(anonymous_1)
FNF:2
FNH:2
FNDA:17,schedule
FNDA:8,(anonymous_1)
DA:1,1
DA:3,1
DA:4,1
DA:5,1
DA:7,1
DA:8,17
DA:9,5
DA:12,12
DA:14,12
DA:15,12
DA:16,4
DA:17,3
DA:19,10
DA:22,2
DA:23,8
LF:15
LH:15
BRDA:8,0,0,5
BRDA:8,0,1,12
BRDA:8,1,0,17
BRDA:8,1,1,15
BRF:4
BRH:4
end_of_record
TN:
SF:src/validations.js
FN:10,validateHasStart
FN:11,(anonymous_1)
FN:17,validateJobObject
FNF:3
FNH:3
FNDA:4,validateHasStart
FNDA:15,(anonymous_1)
FNDA:30,validateJobObject
DA:1,1
DA:2,1
DA:4,1
DA:11,15
DA:12,4
DA:13,1
DA:18,30
DA:20,19
DA:21,19
DA:22,12
LF:10
LH:10
BRDA:12,0,0,1
BRDA:12,0,1,3
BRDA:18,1,0,11
BRDA:18,1,1,19
BRDA:21,2,0,7
BRDA:21,2,1,12
BRDA:22,3,0,1
BRDA:22,3,1,11
BRF:8
BRH:8
end_of_record
TN:
SF:src/validations/noCircles.js
FN:3,validateNoCircles
FN:5,(anonymous_1)
FN:11,find
FN:18,(anonymous_3)
FN:21,traverseFind
FN:26,hasNestedArr
FN:28,(anonymous_6)
FN:31,traverse
FN:32,(anonymous_8)
FNF:9
FNH:9
FNDA:3,validateNoCircles
FNDA:12,(anonymous_1)
FNDA:30,find
FNDA:18,(anonymous_3)
FNDA:31,traverseFind
FNDA:31,hasNestedArr
FNDA:39,(anonymous_6)
FNDA:31,traverse
FNDA:41,(anonymous_8)
DA:1,1
DA:3,1
DA:4,3
DA:5,12
DA:6,3
DA:7,1
DA:12,30
DA:13,18
DA:14,3
DA:15,3
DA:17,15
DA:18,18
DA:22,31
DA:23,31
DA:27,31
DA:28,39
DA:32,31
DA:33,41
LF:18
LH:18
BRDA:6,0,0,1
BRDA:6,0,1,2
BRDA:11,1,0,12
BRDA:12,2,0,12
BRDA:12,2,1,18
BRDA:13,3,0,3
BRDA:13,3,1,15
BRDA:23,4,0,7
BRDA:23,4,1,24
BRDA:27,5,0,16
BRDA:27,5,1,15
BRDA:33,6,0,21
BRDA:33,6,1,20
BRF:13
BRH:13
end_of_record
